[debug] [2023-12-21T13:12:37.418Z] ----------------------------------------------------------------------
[debug] [2023-12-21T13:12:37.420Z] Command:       C:\Program Files\nodejs\node.exe C:\Users\shiva\AppData\Roaming\npm\node_modules\firebase-tools\lib\bin\firebase.js init
[debug] [2023-12-21T13:12:37.420Z] CLI Version:   13.0.2
[debug] [2023-12-21T13:12:37.420Z] Platform:      win32
[debug] [2023-12-21T13:12:37.420Z] Node Version:  v18.18.2
[debug] [2023-12-21T13:12:37.421Z] Time:          Thu Dec 21 2023 18:42:37 GMT+0530 (India Standard Time)
[debug] [2023-12-21T13:12:37.421Z] ----------------------------------------------------------------------
[debug] 
[debug] [2023-12-21T13:12:37.425Z] > command requires scopes: ["email","openid","https://www.googleapis.com/auth/cloudplatformprojects.readonly","https://www.googleapis.com/auth/firebase","https://www.googleapis.com/auth/cloud-platform"]
[debug] [2023-12-21T13:12:37.425Z] > authorizing via signed-in user (skg050210@gmail.com)
[info] 
     ######## #### ########  ######## ########     ###     ######  ########
     ##        ##  ##     ## ##       ##     ##  ##   ##  ##       ##
     ######    ##  ########  ######   ########  #########  ######  ######
     ##        ##  ##    ##  ##       ##     ## ##     ##       ## ##
     ##       #### ##     ## ######## ########  ##     ##  ######  ########

You're about to initialize a Firebase project in this directory:

  E:\developerFolio

[info] 
=== Project Setup
[info] 
[info] First, let's associate this project directory with a Firebase project.
[info] You can create multiple project aliases by running firebase use --add, 
[info] but for now we'll just set up a default project.
[info] 
[debug] [2023-12-21T13:13:01.692Z] >>> [apiv2][query] GET https://firebase.googleapis.com/v1beta1/projects pageSize=100
[debug] [2023-12-21T13:13:02.687Z] <<< [apiv2][status] GET https://firebase.googleapis.com/v1beta1/projects 200
[debug] [2023-12-21T13:13:02.687Z] <<< [apiv2][body] GET https://firebase.googleapis.com/v1beta1/projects [omitted]
[info] i  Using project portfolio-78736 (Portfolio) 
[info] 
=== Hosting Setup
[debug] [2023-12-21T13:13:17.942Z] >>> [apiv2][query] GET https://firebase.googleapis.com/v1beta1/projects/portfolio-78736 [none]
[debug] [2023-12-21T13:13:18.700Z] <<< [apiv2][status] GET https://firebase.googleapis.com/v1beta1/projects/portfolio-78736 200
[debug] [2023-12-21T13:13:18.701Z] <<< [apiv2][body] GET https://firebase.googleapis.com/v1beta1/projects/portfolio-78736 {"projectId":"portfolio-78736","projectNumber":"337538883342","displayName":"Portfolio","name":"projects/portfolio-78736","resources":{"hostingSite":"portfolio-78736"},"state":"ACTIVE","etag":"1_dad2ed43-8e33-472b-8fb5-a8383f5b820c"}
[info] 
[info] Your public directory is the folder (relative to your project directory) that
[info] will contain Hosting assets to be uploaded with firebase deploy. If you
[info] have a build process for your assets, use your build's output directory.
[info] 
[debug] [2023-12-21T13:13:45.603Z] >>> [apiv2][query] GET https://www.gstatic.com/firebasejs/releases.json [none]
[debug] [2023-12-21T13:13:45.730Z] <<< [apiv2][status] GET https://www.gstatic.com/firebasejs/releases.json 200
[debug] [2023-12-21T13:13:45.730Z] <<< [apiv2][body] GET https://www.gstatic.com/firebasejs/releases.json {"current":{"version":"10.7.1","browserURL":"https://www.gstatic.com/firebasejs/10.7.1/firebase.js","packageURL":"https://www.gstatic.com/firebasejs/10.7.1/firebase.tgz"},"live":{"version":"10.7","browserURL":"https://www.gstatic.com/firebasejs/live/10.7/firebase.js","packageURL":"https://www.gstatic.com/firebasejs/live/10.7/firebase.tgz"},"components":{"analytics":"https://www.gstatic.com/firebasejs/10.7.1/firebase-analytics.js","app":"https://www.gstatic.com/firebasejs/10.7.1/firebase-app.js","app-check":"https://www.gstatic.com/firebasejs/10.7.1/firebase-app-check.js","auth":"https://www.gstatic.com/firebasejs/10.7.1/firebase-auth.js","auth/cordova":"https://www.gstatic.com/firebasejs/10.7.1/firebase-auth/cordova.js","functions":"https://www.gstatic.com/firebasejs/10.7.1/firebase-functions.js","firestore":"https://www.gstatic.com/firebasejs/10.7.1/firebase-firestore.js","firestore/lite":"https://www.gstatic.com/firebasejs/10.7.1/firebase-firestore/lite.js","installations":"https://www.gstatic.com/firebasejs/10.7.1/firebase-installations.js","storage":"https://www.gstatic.com/firebasejs/10.7.1/firebase-storage.js","performance":"https://www.gstatic.com/firebasejs/10.7.1/firebase-performance.js","remote-config":"https://www.gstatic.com/firebasejs/10.7.1/firebase-remote-config.js","messaging":"https://www.gstatic.com/firebasejs/10.7.1/firebase-messaging.js","messaging/sw":"https://www.gstatic.com/firebasejs/10.7.1/firebase-messaging/sw.js","database":"https://www.gstatic.com/firebasejs/10.7.1/firebase-database.js","firestore.memory":"https://www.gstatic.com/firebasejs/10.7.1/firebase-firestore.memory.js"}}
